<?xml version="1.0" encoding="UTF-8"?>
<testsuite name="РњР°С‚РµРјР°С‚РёС‡РµСЃРєРёРµ С‚РµСЃС‚С‹" tests="4" skipped="0" failures="0" errors="0" timestamp="2023-02-20T11:17:58" hostname="DESKTOP-93GQTJH" time="0.002">
  <properties/>
  <testcase name="РЈРјРЅРѕР¶РµРЅРёРµ РјР°С‚СЂРёС†" classname="SquareMatrixTests$MathTests" time="0.0"/>
  <testcase name="РЎР»РѕР¶РµРЅРёРµ РґРІСѓС… РјР°С‚СЂРёС†" classname="SquareMatrixTests$MathTests" time="0.001"/>
  <testcase name="РЎРєР°Р»СЏСЂРЅРѕРµ СѓРјРЅРѕР¶РµРЅРёРµ РјР°С‚СЂРёС†С‹" classname="SquareMatrixTests$MathTests" time="0.0"/>
  <testcase name="Р’С‹С‡РёС‚Р°РЅРёРµ РґРІСѓС… РјР°С‚СЂРёС†" classname="SquareMatrixTests$MathTests" time="0.0"/>
  <system-out><![CDATA[]]></system-out>
  <system-err><![CDATA[]]></system-err>
</testsuite>
